\BOOKMARK [0][-]{chapter.1}{Complex\040Numbers}{}% 1
\BOOKMARK [1][-]{section.1.1}{The\040Algebra\040of\040Complex\040Numbers}{chapter.1}% 2
\BOOKMARK [2][-]{subsection.1.1.1}{Arithmetic\040Operations}{section.1.1}% 3
\BOOKMARK [2][-]{subsection.1.1.2}{Square\040Roots}{section.1.1}% 4
\BOOKMARK [2][-]{subsection.1.1.3}{Justification}{section.1.1}% 5
\BOOKMARK [2][-]{subsection.1.1.4}{Conjugation,\040Absolute\040Value}{section.1.1}% 6
\BOOKMARK [2][-]{subsection.1.1.5}{Inequalities}{section.1.1}% 7
\BOOKMARK [1][-]{section.1.2}{The\040Geometric\040Representation\040of\040Complex\040Numbers}{chapter.1}% 8
\BOOKMARK [2][-]{subsection.1.2.1}{Geometric\040Addition\040and\040Multiplication}{section.1.2}% 9
\BOOKMARK [2][-]{subsection.1.2.2}{The\040Binomial\040Equation}{section.1.2}% 10
\BOOKMARK [2][-]{subsection.1.2.3}{Analytic\040Geometry}{section.1.2}% 11
\BOOKMARK [2][-]{subsection.1.2.4}{The\040Spherical\040Representation}{section.1.2}% 12
\BOOKMARK [0][-]{chapter.2}{Complex\040Functions}{}% 13
\BOOKMARK [1][-]{section.2.1}{Introduction\040to\040the\040Concept\040of\040Analytical\040Function}{chapter.2}% 14
\BOOKMARK [2][-]{subsection.2.1.1}{Limits\040and\040Continuity}{section.2.1}% 15
\BOOKMARK [2][-]{subsection.2.1.2}{Analytic\040Functions}{section.2.1}% 16
\BOOKMARK [2][-]{subsection.2.1.3}{Polynomials}{section.2.1}% 17
\BOOKMARK [2][-]{subsection.2.1.4}{Rational\040Functions}{section.2.1}% 18
\BOOKMARK [1][-]{section.2.2}{Elementary\040Theory\040of\040Power\040Series}{chapter.2}% 19
\BOOKMARK [2][-]{subsection.2.2.1}{Sequences}{section.2.2}% 20
\BOOKMARK [2][-]{subsection.2.2.2}{Series}{section.2.2}% 21
\BOOKMARK [2][-]{subsection.2.2.3}{Uniform\040Convergence}{section.2.2}% 22
\BOOKMARK [2][-]{subsection.2.2.4}{Power\040Series}{section.2.2}% 23
\BOOKMARK [2][-]{subsection.2.2.5}{Abel's\040Limit\040Theorem}{section.2.2}% 24
\BOOKMARK [1][-]{section.2.3}{The\040Exponential\040and\040Trigonometric\040Functions}{chapter.2}% 25
\BOOKMARK [2][-]{subsection.2.3.1}{The\040Exponential}{section.2.3}% 26
\BOOKMARK [2][-]{subsection.2.3.2}{The\040Trigonometric\040Functions}{section.2.3}% 27
\BOOKMARK [2][-]{subsection.2.3.3}{Periodicity}{section.2.3}% 28
\BOOKMARK [2][-]{subsection.2.3.4}{The\040Logarithm}{section.2.3}% 29
\BOOKMARK [0][-]{chapter.3}{Analytic\040Functions\040as\040Mappings}{}% 30
\BOOKMARK [1][-]{section.3.1}{Elementary\040Point\040Set\040Topology}{chapter.3}% 31
\BOOKMARK [2][-]{subsection.3.1.1}{Sets\040and\040Elements}{section.3.1}% 32
\BOOKMARK [2][-]{subsection.3.1.2}{Metric\040Spaces}{section.3.1}% 33
\BOOKMARK [2][-]{subsection.3.1.3}{Connectedness}{section.3.1}% 34
\BOOKMARK [2][-]{subsection.3.1.4}{Compactness}{section.3.1}% 35
\BOOKMARK [2][-]{subsection.3.1.5}{Continuous\040Functions}{section.3.1}% 36
\BOOKMARK [2][-]{subsection.3.1.6}{Topological\040Spaces}{section.3.1}% 37
\BOOKMARK [1][-]{section.3.2}{Conformality}{chapter.3}% 38
